<?xml version="1.0" encoding="UTF-8"?>
<!-- Generated by org.testng.reporters.JUnitReportReporter -->
<testsuite hostname="LAPTOP" failures="0" tests="11" name="com.opencart.qa.test.ProductInfoPageTest" time="54.867" errors="0" timestamp="2026-05-20T15:46:49 IST" skipped="0">
  <testcase classname="com.opencart.qa.test.ProductInfoPageTest" name="imageCountTest" time="7.040"/>
  <testcase classname="com.opencart.qa.test.ProductInfoPageTest" name="productHeaderTest" time="4.093"/>
  <testcase classname="com.opencart.qa.test.ProductInfoPageTest" name="productHeaderTest" time="4.044"/>
  <testcase classname="com.opencart.qa.test.ProductInfoPageTest" name="imageCountTest" time="4.552"/>
  <testcase classname="com.opencart.qa.test.ProductInfoPageTest" name="productHeaderTest" time="3.993"/>
  <testcase classname="com.opencart.qa.test.ProductInfoPageTest" name="imageCountTest" time="5.570"/>
  <testcase classname="com.opencart.qa.test.ProductInfoPageTest" name="productHeaderTest" time="5.513"/>
  <testcase classname="com.opencart.qa.test.ProductInfoPageTest" name="imageCountTest" time="4.964"/>
  <testcase classname="com.opencart.qa.test.ProductInfoPageTest" name="productHeaderTest" time="4.083"/>
  <testcase classname="com.opencart.qa.test.ProductInfoPageTest" name="imageCountTest" time="6.054"/>
  <testcase classname="com.opencart.qa.test.ProductInfoPageTest" name="productInfoTest" time="4.961"/>
</testsuite> <!-- com.opencart.qa.test.ProductInfoPageTest -->
