<?xml version="1.0" encoding="UTF-8"?>
<!-- Generated by org.testng.reporters.JUnitReportReporter -->
<testsuite hostname="LAPTOP" failures="0" tests="8" name="com.opencart.qa.test.HomePageTest" time="30.500" errors="0" timestamp="2026-05-20T15:46:20 IST" skipped="0">
  <testcase classname="com.opencart.qa.test.HomePageTest" name="logoutLinkExistTest" time="1.527"/>
  <testcase classname="com.opencart.qa.test.HomePageTest" name="homePageTitleTest" time="0.132"/>
  <testcase classname="com.opencart.qa.test.HomePageTest" name="searchTest" time="2.882"/>
  <testcase classname="com.opencart.qa.test.HomePageTest" name="searchTest" time="3.665"/>
  <testcase classname="com.opencart.qa.test.HomePageTest" name="headerTest" time="0.556"/>
  <testcase classname="com.opencart.qa.test.HomePageTest" name="searchTest" time="13.165"/>
  <testcase classname="com.opencart.qa.test.HomePageTest" name="searchTest" time="5.063"/>
  <testcase classname="com.opencart.qa.test.HomePageTest" name="searchTest" time="3.510"/>
</testsuite> <!-- com.opencart.qa.test.HomePageTest -->
