<?xml version="1.0" encoding="UTF-8"?>
<!-- Generated by org.testng.reporters.JUnitReportReporter -->
<testsuite hostname="LAPTOP" failures="0" tests="4" name="com.opencart.qa.test.LoginPageTest" time="10.860" errors="0" timestamp="2026-05-20T15:45:55 IST" skipped="0">
  <testcase classname="com.opencart.qa.test.LoginPageTest" name="LoginPageURLTest" time="0.074"/>
  <testcase classname="com.opencart.qa.test.LoginPageTest" name="LoginPageTitleTest" time="0.327"/>
  <testcase classname="com.opencart.qa.test.LoginPageTest" name="forwardPwdLinkExitTest" time="2.822"/>
  <testcase classname="com.opencart.qa.test.LoginPageTest" name="loginTest" time="7.637"/>
</testsuite> <!-- com.opencart.qa.test.LoginPageTest -->
