<?xml version="1.0" encoding="UTF-8"?>
<!-- Generated by org.testng.reporters.JUnitXMLReporter -->
<testsuite ignored="0" hostname="LAPTOP" failures="0" tests="8" name="Home Page Test" time="47.006" errors="0" timestamp="2026-05-20T16:02:35 IST">
  <testcase classname="com.opencart.qa.test.HomePageTest" name="headerTest" time="0.482"/>
  <testcase classname="com.opencart.qa.test.HomePageTest" name="homePageTitleTest" time="0.045"/>
  <testcase classname="com.opencart.qa.test.HomePageTest" name="logoutLinkExistTest" time="1.086"/>
  <testcase classname="com.opencart.qa.test.HomePageTest" name="searchTest" time="6.49"/>
  <testcase classname="com.opencart.qa.test.HomePageTest" name="searchTest" time="4.206"/>
  <testcase classname="com.opencart.qa.test.HomePageTest" name="searchTest" time="12.953"/>
  <testcase classname="com.opencart.qa.test.HomePageTest" name="searchTest" time="2.553"/>
  <testcase classname="com.opencart.qa.test.HomePageTest" name="searchTest" time="2.638"/>
</testsuite> <!-- Home Page Test -->
