<?xml version="1.0" encoding="UTF-8"?>
<!-- Generated by org.testng.reporters.JUnitXMLReporter -->
<testsuite ignored="0" hostname="LAPTOP" failures="1" tests="8" name="Home Page Test" time="81.239" errors="0" timestamp="2026-05-13T18:47:30 IST">
  <testcase classname="com.opencart.qa.test.HomePageTest" name="headerTest" time="0.495"/>
  <testcase classname="com.opencart.qa.test.HomePageTest" name="homePageTitleTest" time="5.282">
    <failure type="java.lang.AssertionError" message="expected [My Account123] but found [null]">
      <![CDATA[java.lang.AssertionError: expected [My Account123] but found [null]
at com.opencart.qa.test.HomePageTest.homePageTitleTest(HomePageTest.java:25)
at java.base/java.util.ArrayList.forEach(ArrayList.java:1511)
at java.base/java.util.concurrent.FutureTask.run(FutureTask.java:264)
at java.base/java.util.concurrent.ThreadPoolExecutor.runWorker(ThreadPoolExecutor.java:1136)
at java.base/java.util.concurrent.ThreadPoolExecutor$Worker.run(ThreadPoolExecutor.java:635)
at java.base/java.lang.Thread.run(Thread.java:842)
... Removed 23 stack frames]]>
    </failure>
  </testcase> <!-- homePageTitleTest -->
  <testcase classname="com.opencart.qa.test.HomePageTest" name="logoutLinkExistTest" time="0.749"/>
  <testcase classname="com.opencart.qa.test.HomePageTest" name="searchTest" time="2.634"/>
  <testcase classname="com.opencart.qa.test.HomePageTest" name="searchTest" time="2.044"/>
  <testcase classname="com.opencart.qa.test.HomePageTest" name="searchTest" time="12.401"/>
  <testcase classname="com.opencart.qa.test.HomePageTest" name="searchTest" time="2.423"/>
  <testcase classname="com.opencart.qa.test.HomePageTest" name="searchTest" time="2.327"/>
</testsuite> <!-- Home Page Test -->
