<?xml version="1.0" encoding="UTF-8"?>
<!-- Generated by org.testng.reporters.JUnitXMLReporter -->
<testsuite ignored="0" hostname="LAPTOP" failures="0" tests="4" name="Login Page Test" time="27.933" errors="0" timestamp="2026-04-21T11:54:40 IST">
  <testcase classname="com.opencart.qa.test.LoginPageTest" name="LoginPageTitleTest" time="0.048"/>
  <testcase classname="com.opencart.qa.test.LoginPageTest" name="LoginPageURLTest" time="0.021"/>
  <testcase classname="com.opencart.qa.test.LoginPageTest" name="forwardPwdLinkExitTest" time="4.493"/>
  <testcase classname="com.opencart.qa.test.LoginPageTest" name="loginTest" time="4.89"/>
</testsuite> <!-- Login Page Test -->
