<?xml version="1.0" encoding="UTF-8"?>
<!-- Generated by org.testng.reporters.JUnitXMLReporter -->
<testsuite ignored="0" hostname="LAPTOP" failures="0" tests="4" name="Login Page Test" time="23.027" errors="0" timestamp="2026-05-20T16:02:11 IST">
  <testcase classname="com.opencart.qa.test.LoginPageTest" name="LoginPageTitleTest" time="0.36"/>
  <testcase classname="com.opencart.qa.test.LoginPageTest" name="LoginPageURLTest" time="0.101"/>
  <testcase classname="com.opencart.qa.test.LoginPageTest" name="forwardPwdLinkExitTest" time="1.989"/>
  <testcase classname="com.opencart.qa.test.LoginPageTest" name="loginTest" time="6.314"/>
</testsuite> <!-- Login Page Test -->
