<?xml version="1.0" encoding="UTF-8"?>
<!-- Generated by org.testng.reporters.JUnitXMLReporter -->
<testsuite ignored="0" hostname="LAPTOP" failures="0" tests="10" name="ProductInfoPageTest Page Test" time="64.05" errors="0" timestamp="2026-04-21T11:55:16 IST">
  <testcase classname="com.opencart.qa.test.ProductInfoPageTest" name="imageCountTest" time="10.092"/>
  <testcase classname="com.opencart.qa.test.ProductInfoPageTest" name="imageCountTest" time="5.704"/>
  <testcase classname="com.opencart.qa.test.ProductInfoPageTest" name="imageCountTest" time="5.737"/>
  <testcase classname="com.opencart.qa.test.ProductInfoPageTest" name="imageCountTest" time="4.342"/>
  <testcase classname="com.opencart.qa.test.ProductInfoPageTest" name="imageCountTest" time="4.804"/>
  <testcase classname="com.opencart.qa.test.ProductInfoPageTest" name="productHeaderTest" time="3.999"/>
  <testcase classname="com.opencart.qa.test.ProductInfoPageTest" name="productHeaderTest" time="4.076"/>
  <testcase classname="com.opencart.qa.test.ProductInfoPageTest" name="productHeaderTest" time="3.86"/>
  <testcase classname="com.opencart.qa.test.ProductInfoPageTest" name="productHeaderTest" time="4.01"/>
  <testcase classname="com.opencart.qa.test.ProductInfoPageTest" name="productHeaderTest" time="3.76"/>
</testsuite> <!-- ProductInfoPageTest Page Test -->
