<?xml version="1.0" encoding="UTF-8"?>
<!-- Generated by org.testng.reporters.JUnitXMLReporter -->
<testsuite ignored="0" hostname="LAPTOP" failures="0" tests="11" name="ProductInfoPageTest Page Test" time="74.428" errors="0" timestamp="2026-05-20T16:03:03 IST">
  <testcase classname="com.opencart.qa.test.ProductInfoPageTest" name="imageCountTest" time="10.325"/>
  <testcase classname="com.opencart.qa.test.ProductInfoPageTest" name="imageCountTest" time="6.007"/>
  <testcase classname="com.opencart.qa.test.ProductInfoPageTest" name="imageCountTest" time="4.779"/>
  <testcase classname="com.opencart.qa.test.ProductInfoPageTest" name="imageCountTest" time="4.821"/>
  <testcase classname="com.opencart.qa.test.ProductInfoPageTest" name="imageCountTest" time="5.231"/>
  <testcase classname="com.opencart.qa.test.ProductInfoPageTest" name="productHeaderTest" time="6.227"/>
  <testcase classname="com.opencart.qa.test.ProductInfoPageTest" name="productHeaderTest" time="3.969"/>
  <testcase classname="com.opencart.qa.test.ProductInfoPageTest" name="productHeaderTest" time="3.971"/>
  <testcase classname="com.opencart.qa.test.ProductInfoPageTest" name="productHeaderTest" time="3.889"/>
  <testcase classname="com.opencart.qa.test.ProductInfoPageTest" name="productHeaderTest" time="3.795"/>
  <testcase classname="com.opencart.qa.test.ProductInfoPageTest" name="productInfoTest" time="4.901"/>
</testsuite> <!-- ProductInfoPageTest Page Test -->
