<?xml version="1.0" encoding="UTF-8"?>
<!-- Generated by org.testng.reporters.JUnitXMLReporter -->
<testsuite ignored="0" hostname="LAPTOP" failures="0" tests="4" name="Register Page Test" time="94.77" errors="0" timestamp="2026-05-12T16:23:42 IST">
  <testcase classname="com.opencart.qa.test.RegisterPageTest" name="userRegisterTest" time="25.774"/>
  <testcase classname="com.opencart.qa.test.RegisterPageTest" name="userRegisterTest" time="17.885"/>
  <testcase classname="com.opencart.qa.test.RegisterPageTest" name="userRegisterTest" time="16.01"/>
  <testcase classname="com.opencart.qa.test.RegisterPageTest" name="userRegisterTest" time="17.419"/>
</testsuite> <!-- Register Page Test -->
