<?xml version="1.0" encoding="UTF-8"?>
<!-- Generated by org.testng.reporters.JUnitXMLReporter -->
<testsuite ignored="0" hostname="LAPTOP" failures="1" tests="4" name="Test" time="5.933" errors="0" timestamp="2026-04-17T16:07:43 IST">
  <testcase classname="com.opencart.qa.test.LoginPageTest" name="LoginPageTitleTest" time="0.043"/>
  <testcase classname="com.opencart.qa.test.LoginPageTest" name="LoginPageURLTest" time="0.064"/>
  <testcase classname="com.opencart.qa.test.LoginPageTest" name="forwardPwdLinkExitTest" time="0.277"/>
  <testcase classname="com.opencart.qa.test.LoginPageTest" name="loginTest" time="0.856">
    <failure type="java.lang.AssertionError" message="expected [My Account] but found [Account Login]">
      <![CDATA[java.lang.AssertionError: expected [My Account] but found [Account Login]
at com.opencart.qa.test.LoginPageTest.loginTest(LoginPageTest.java:24)
at java.base/java.util.ArrayList.forEach(ArrayList.java:1511)
... Removed 33 stack frames]]>
    </failure>
  </testcase> <!-- loginTest -->
</testsuite> <!-- Test -->
