<?xml version="1.0" encoding="UTF-8"?>
<testng-results ignored="2" total="3" passed="1" failed="0" skipped="0">
  <reporter-output>
  </reporter-output>
  <suite started-at="2026-05-09T18:15:07 IST" name="Default suite" finished-at="2026-05-09T18:15:21 IST" duration-ms="14064">
    <groups>
    </groups>
    <test started-at="2026-05-09T18:15:07 IST" name="Default test" finished-at="2026-05-09T18:15:21 IST" duration-ms="14064">
      <class name="com.opencart.qa.test.ProductInfoPageTest">
        <test-method is-config="true" signature="setup(java.lang.String)[pri:0, instance:com.opencart.qa.test.ProductInfoPageTest@34e9fd99]" started-at="2026-05-09T18:15:07 IST" name="setup" finished-at="2026-05-09T18:15:11 IST" duration-ms="3706" status="PASS">
          <params>
            <param index="0">
              <value>
                <![CDATA[chrome]]>
              </value>
            </param>
          </params>
          <reporter-output>
          </reporter-output>
        </test-method> <!-- setup -->
        <test-method is-config="true" signature="ProductInfoPageSetUp()[pri:0, instance:com.opencart.qa.test.ProductInfoPageTest@34e9fd99]" started-at="2026-05-09T18:15:11 IST" name="ProductInfoPageSetUp" finished-at="2026-05-09T18:15:15 IST" duration-ms="4121" status="PASS">
          <reporter-output>
          </reporter-output>
        </test-method> <!-- ProductInfoPageSetUp -->
        <test-method signature="productInfoTest()[pri:0, instance:com.opencart.qa.test.ProductInfoPageTest@34e9fd99]" started-at="2026-05-09T18:15:15 IST" name="productInfoTest" finished-at="2026-05-09T18:15:21 IST" duration-ms="5866" status="PASS">
          <reporter-output>
          </reporter-output>
        </test-method> <!-- productInfoTest -->
        <test-method is-config="true" signature="tearDown()[pri:0, instance:com.opencart.qa.test.ProductInfoPageTest@34e9fd99]" started-at="2026-05-09T18:15:21 IST" name="tearDown" finished-at="2026-05-09T18:15:21 IST" duration-ms="298" status="PASS">
          <reporter-output>
          </reporter-output>
        </test-method> <!-- tearDown -->
      </class> <!-- com.opencart.qa.test.ProductInfoPageTest -->
    </test> <!-- Default test -->
  </suite> <!-- Default suite -->
</testng-results>
