<?xml version="1.0" encoding="UTF-8"?>
<testng-results ignored="0" total="12" passed="10" failed="2" skipped="0">
  <reporter-output>
  </reporter-output>
  <suite started-at="2026-05-13T18:46:09 IST" name="opencart login page regression suite" finished-at="2026-05-13T18:47:30 IST" duration-ms="81239">
    <groups>
    </groups>
    <test started-at="2026-05-13T18:46:09 IST" name="Login Page Test" finished-at="2026-05-13T18:47:03 IST" duration-ms="53885">
      <class name="com.opencart.qa.test.LoginPageTest">
        <test-method is-config="true" signature="setup(java.lang.String)[pri:0, instance:com.opencart.qa.test.LoginPageTest@3a3ed300]" started-at="2026-05-13T18:46:09 IST" name="setup" finished-at="2026-05-13T18:46:46 IST" duration-ms="36641" status="PASS">
          <params>
            <param index="0">
              <value>
                <![CDATA[firefox]]>
              </value>
            </param>
          </params>
          <reporter-output>
          </reporter-output>
        </test-method> <!-- setup -->
        <test-method signature="LoginPageTitleTest()[pri:0, instance:com.opencart.qa.test.LoginPageTest@3a3ed300]" started-at="2026-05-13T18:46:46 IST" name="LoginPageTitleTest" finished-at="2026-05-13T18:46:46 IST" duration-ms="222" status="PASS">
          <reporter-output>
          </reporter-output>
        </test-method> <!-- LoginPageTitleTest -->
        <test-method signature="LoginPageURLTest()[pri:0, instance:com.opencart.qa.test.LoginPageTest@3a3ed300]" started-at="2026-05-13T18:46:46 IST" name="LoginPageURLTest" finished-at="2026-05-13T18:46:46 IST" duration-ms="45" status="PASS">
          <reporter-output>
          </reporter-output>
        </test-method> <!-- LoginPageURLTest -->
        <test-method signature="forwardPwdLinkExitTest()[pri:0, instance:com.opencart.qa.test.LoginPageTest@3a3ed300]" started-at="2026-05-13T18:46:46 IST" name="forwardPwdLinkExitTest" finished-at="2026-05-13T18:46:49 IST" duration-ms="2511" status="PASS">
          <reporter-output>
          </reporter-output>
        </test-method> <!-- forwardPwdLinkExitTest -->
        <test-method signature="loginTest()[pri:2147483647, instance:com.opencart.qa.test.LoginPageTest@3a3ed300]" started-at="2026-05-13T18:46:49 IST" name="loginTest" finished-at="2026-05-13T18:47:00 IST" duration-ms="11649" status="FAIL">
          <exception class="java.lang.AssertionError">
            <message>
              <![CDATA[expected [My Account123] but found [null]]]>
            </message>
            <full-stacktrace>
              <![CDATA[java.lang.AssertionError: expected [My Account123] but found [null]
at org.testng.Assert.fail(Assert.java:111)
at org.testng.Assert.failNotEquals(Assert.java:1590)
at org.testng.Assert.assertEqualsImpl(Assert.java:150)
at org.testng.Assert.assertEquals(Assert.java:132)
at org.testng.Assert.assertEquals(Assert.java:656)
at org.testng.Assert.assertEquals(Assert.java:666)
at com.opencart.qa.test.LoginPageTest.loginTest(LoginPageTest.java:25)
at java.base/jdk.internal.reflect.NativeMethodAccessorImpl.invoke0(Native Method)
at java.base/jdk.internal.reflect.NativeMethodAccessorImpl.invoke(NativeMethodAccessorImpl.java:77)
at java.base/jdk.internal.reflect.DelegatingMethodAccessorImpl.invoke(DelegatingMethodAccessorImpl.java:43)
at java.base/java.lang.reflect.Method.invoke(Method.java:568)
at org.testng.internal.invokers.MethodInvocationHelper.invokeMethod(MethodInvocationHelper.java:141)
at org.testng.internal.invokers.TestInvoker.invokeMethod(TestInvoker.java:687)
at org.testng.internal.invokers.TestInvoker.invokeTestMethod(TestInvoker.java:230)
at org.testng.internal.invokers.MethodRunner.runInSequence(MethodRunner.java:63)
at org.testng.internal.invokers.TestInvoker$MethodInvocationAgent.invoke(TestInvoker.java:995)
at org.testng.internal.invokers.TestInvoker.invokeTestMethods(TestInvoker.java:203)
at org.testng.internal.invokers.TestMethodWorker.invokeTestMethods(TestMethodWorker.java:154)
at org.testng.internal.invokers.TestMethodWorker.run(TestMethodWorker.java:134)
at java.base/java.util.ArrayList.forEach(ArrayList.java:1511)
at org.testng.TestRunner.privateRun(TestRunner.java:741)
at org.testng.TestRunner.run(TestRunner.java:616)
at org.testng.SuiteRunner.runTest(SuiteRunner.java:421)
at org.testng.SuiteRunner$SuiteWorker.run(SuiteRunner.java:463)
at org.testng.internal.thread.ThreadUtil.lambda$execute$0(ThreadUtil.java:64)
at java.base/java.util.concurrent.FutureTask.run(FutureTask.java:264)
at java.base/java.util.concurrent.ThreadPoolExecutor.runWorker(ThreadPoolExecutor.java:1136)
at java.base/java.util.concurrent.ThreadPoolExecutor$Worker.run(ThreadPoolExecutor.java:635)
at java.base/java.lang.Thread.run(Thread.java:842)
]]>
            </full-stacktrace>
          </exception> <!-- java.lang.AssertionError -->
          <reporter-output>
          </reporter-output>
        </test-method> <!-- loginTest -->
        <test-method is-config="true" signature="tearDown()[pri:0, instance:com.opencart.qa.test.LoginPageTest@3a3ed300]" started-at="2026-05-13T18:47:01 IST" name="tearDown" finished-at="2026-05-13T18:47:03 IST" duration-ms="1704" status="PASS">
          <reporter-output>
          </reporter-output>
        </test-method> <!-- tearDown -->
      </class> <!-- com.opencart.qa.test.LoginPageTest -->
    </test> <!-- Login Page Test -->
    <test started-at="2026-05-13T18:46:09 IST" name="Home Page Test" finished-at="2026-05-13T18:47:30 IST" duration-ms="81239">
      <class name="com.opencart.qa.test.HomePageTest">
        <test-method is-config="true" signature="setup(java.lang.String)[pri:0, instance:com.opencart.qa.test.HomePageTest@640cc04b]" started-at="2026-05-13T18:46:09 IST" name="setup" finished-at="2026-05-13T18:46:56 IST" duration-ms="47387" status="PASS">
          <params>
            <param index="0">
              <value>
                <![CDATA[chrome]]>
              </value>
            </param>
          </params>
          <reporter-output>
          </reporter-output>
        </test-method> <!-- setup -->
        <test-method is-config="true" signature="homePageSetup()[pri:0, instance:com.opencart.qa.test.HomePageTest@640cc04b]" started-at="2026-05-13T18:46:56 IST" name="homePageSetup" finished-at="2026-05-13T18:47:01 IST" duration-ms="4464" status="PASS">
          <reporter-output>
          </reporter-output>
        </test-method> <!-- homePageSetup -->
        <test-method signature="headerTest()[pri:0, instance:com.opencart.qa.test.HomePageTest@640cc04b]" started-at="2026-05-13T18:47:01 IST" name="headerTest" finished-at="2026-05-13T18:47:01 IST" duration-ms="495" status="PASS">
          <reporter-output>
          </reporter-output>
        </test-method> <!-- headerTest -->
        <test-method signature="homePageTitleTest()[pri:0, instance:com.opencart.qa.test.HomePageTest@640cc04b]" started-at="2026-05-13T18:47:01 IST" name="homePageTitleTest" finished-at="2026-05-13T18:47:07 IST" duration-ms="5282" status="FAIL">
          <exception class="java.lang.AssertionError">
            <message>
              <![CDATA[expected [My Account123] but found [null]]]>
            </message>
            <full-stacktrace>
              <![CDATA[java.lang.AssertionError: expected [My Account123] but found [null]
at org.testng.Assert.fail(Assert.java:111)
at org.testng.Assert.failNotEquals(Assert.java:1590)
at org.testng.Assert.assertEqualsImpl(Assert.java:150)
at org.testng.Assert.assertEquals(Assert.java:132)
at org.testng.Assert.assertEquals(Assert.java:656)
at org.testng.Assert.assertEquals(Assert.java:666)
at com.opencart.qa.test.HomePageTest.homePageTitleTest(HomePageTest.java:25)
at java.base/jdk.internal.reflect.NativeMethodAccessorImpl.invoke0(Native Method)
at java.base/jdk.internal.reflect.NativeMethodAccessorImpl.invoke(NativeMethodAccessorImpl.java:77)
at java.base/jdk.internal.reflect.DelegatingMethodAccessorImpl.invoke(DelegatingMethodAccessorImpl.java:43)
at java.base/java.lang.reflect.Method.invoke(Method.java:568)
at org.testng.internal.invokers.MethodInvocationHelper.invokeMethod(MethodInvocationHelper.java:141)
at org.testng.internal.invokers.TestInvoker.invokeMethod(TestInvoker.java:687)
at org.testng.internal.invokers.TestInvoker.invokeTestMethod(TestInvoker.java:230)
at org.testng.internal.invokers.MethodRunner.runInSequence(MethodRunner.java:63)
at org.testng.internal.invokers.TestInvoker$MethodInvocationAgent.invoke(TestInvoker.java:995)
at org.testng.internal.invokers.TestInvoker.invokeTestMethods(TestInvoker.java:203)
at org.testng.internal.invokers.TestMethodWorker.invokeTestMethods(TestMethodWorker.java:154)
at org.testng.internal.invokers.TestMethodWorker.run(TestMethodWorker.java:134)
at java.base/java.util.ArrayList.forEach(ArrayList.java:1511)
at org.testng.TestRunner.privateRun(TestRunner.java:741)
at org.testng.TestRunner.run(TestRunner.java:616)
at org.testng.SuiteRunner.runTest(SuiteRunner.java:421)
at org.testng.SuiteRunner$SuiteWorker.run(SuiteRunner.java:463)
at org.testng.internal.thread.ThreadUtil.lambda$execute$0(ThreadUtil.java:64)
at java.base/java.util.concurrent.FutureTask.run(FutureTask.java:264)
at java.base/java.util.concurrent.ThreadPoolExecutor.runWorker(ThreadPoolExecutor.java:1136)
at java.base/java.util.concurrent.ThreadPoolExecutor$Worker.run(ThreadPoolExecutor.java:635)
at java.base/java.lang.Thread.run(Thread.java:842)
]]>
            </full-stacktrace>
          </exception> <!-- java.lang.AssertionError -->
          <reporter-output>
          </reporter-output>
        </test-method> <!-- homePageTitleTest -->
        <test-method signature="logoutLinkExistTest()[pri:0, instance:com.opencart.qa.test.HomePageTest@640cc04b]" started-at="2026-05-13T18:47:07 IST" name="logoutLinkExistTest" finished-at="2026-05-13T18:47:08 IST" duration-ms="749" status="PASS">
          <reporter-output>
          </reporter-output>
        </test-method> <!-- logoutLinkExistTest -->
        <test-method signature="searchTest(java.lang.String,int)[pri:0, instance:com.opencart.qa.test.HomePageTest@640cc04b]" started-at="2026-05-13T18:47:08 IST" name="searchTest" data-provider="searchTestDataProvider" finished-at="2026-05-13T18:47:11 IST" duration-ms="2634" status="PASS">
          <params>
            <param index="0">
              <value>
                <![CDATA[macbook]]>
              </value>
            </param>
            <param index="1">
              <value>
                <![CDATA[3]]>
              </value>
            </param>
          </params>
          <reporter-output>
          </reporter-output>
        </test-method> <!-- searchTest -->
        <test-method signature="searchTest(java.lang.String,int)[pri:0, instance:com.opencart.qa.test.HomePageTest@640cc04b]" started-at="2026-05-13T18:47:11 IST" name="searchTest" data-provider="searchTestDataProvider" finished-at="2026-05-13T18:47:13 IST" duration-ms="2044" status="PASS">
          <params>
            <param index="0">
              <value>
                <![CDATA[imac]]>
              </value>
            </param>
            <param index="1">
              <value>
                <![CDATA[1]]>
              </value>
            </param>
          </params>
          <reporter-output>
          </reporter-output>
        </test-method> <!-- searchTest -->
        <test-method signature="searchTest(java.lang.String,int)[pri:0, instance:com.opencart.qa.test.HomePageTest@640cc04b]" started-at="2026-05-13T18:47:13 IST" name="searchTest" data-provider="searchTestDataProvider" finished-at="2026-05-13T18:47:25 IST" duration-ms="12401" status="PASS">
          <params>
            <param index="0">
              <value>
                <![CDATA[airtel]]>
              </value>
            </param>
            <param index="1">
              <value>
                <![CDATA[0]]>
              </value>
            </param>
          </params>
          <reporter-output>
          </reporter-output>
        </test-method> <!-- searchTest -->
        <test-method signature="searchTest(java.lang.String,int)[pri:0, instance:com.opencart.qa.test.HomePageTest@640cc04b]" started-at="2026-05-13T18:47:25 IST" name="searchTest" data-provider="searchTestDataProvider" finished-at="2026-05-13T18:47:27 IST" duration-ms="2423" status="PASS">
          <params>
            <param index="0">
              <value>
                <![CDATA[canon]]>
              </value>
            </param>
            <param index="1">
              <value>
                <![CDATA[1]]>
              </value>
            </param>
          </params>
          <reporter-output>
          </reporter-output>
        </test-method> <!-- searchTest -->
        <test-method signature="searchTest(java.lang.String,int)[pri:0, instance:com.opencart.qa.test.HomePageTest@640cc04b]" started-at="2026-05-13T18:47:27 IST" name="searchTest" data-provider="searchTestDataProvider" finished-at="2026-05-13T18:47:30 IST" duration-ms="2327" status="PASS">
          <params>
            <param index="0">
              <value>
                <![CDATA[samsung]]>
              </value>
            </param>
            <param index="1">
              <value>
                <![CDATA[2]]>
              </value>
            </param>
          </params>
          <reporter-output>
          </reporter-output>
        </test-method> <!-- searchTest -->
        <test-method is-config="true" signature="tearDown()[pri:0, instance:com.opencart.qa.test.HomePageTest@640cc04b]" started-at="2026-05-13T18:47:30 IST" name="tearDown" finished-at="2026-05-13T18:47:30 IST" duration-ms="315" status="PASS">
          <reporter-output>
          </reporter-output>
        </test-method> <!-- tearDown -->
      </class> <!-- com.opencart.qa.test.HomePageTest -->
    </test> <!-- Home Page Test -->
  </suite> <!-- opencart login page regression suite -->
</testng-results>
