<?xml version="1.0" encoding="UTF-8"?>
<!-- Generated by org.testng.reporters.JUnitXMLReporter -->
<testsuite ignored="3" hostname="LAPTOP" failures="0" tests="1" name="Home Page Test(failed)" time="0.936" errors="0" timestamp="2026-05-20T15:36:03 IST">
  <testcase classname="com.opencart.qa.test.HomePageTest" name="homePageTitleTest" time="0.0">
    <skipped/>
  </testcase> <!-- homePageTitleTest -->
  <testcase classname="com.opencart.qa.test.HomePageTest" name="headerTest" time="0.0">
    <ignored/>
  </testcase> <!-- headerTest -->
  <testcase classname="com.opencart.qa.test.HomePageTest" name="searchTest" time="0.0">
    <ignored/>
  </testcase> <!-- searchTest -->
  <testcase classname="com.opencart.qa.test.HomePageTest" name="logoutLinkExistTest" time="0.0">
    <ignored/>
  </testcase> <!-- logoutLinkExistTest -->
</testsuite> <!-- Home Page Test(failed) -->
