<?xml version="1.0" encoding="UTF-8"?>
<!-- Generated by org.testng.reporters.JUnitXMLReporter -->
<testsuite ignored="3" hostname="LAPTOP" failures="0" tests="1" name="Login Page Test(failed)" time="1.035" errors="0" timestamp="2026-05-20T15:36:03 IST">
  <testcase classname="com.opencart.qa.test.BaseTest" name="@BeforeTest setup" time="0.103">
    <failure type="java.lang.NullPointerException" message="inStream parameter is null">
      <![CDATA[java.lang.NullPointerException: inStream parameter is null
at java.base/java.util.Objects.requireNonNull(Objects.java:233)
at java.base/java.util.Properties.load(Properties.java:407)
at com.opencart.qa.factory.DriverFactory.initProp(DriverFactory.java:108)
at com.opencart.qa.test.BaseTest.setup(BaseTest.java:40)
at java.base/java.util.concurrent.FutureTask.run(FutureTask.java:264)
at java.base/java.util.concurrent.ThreadPoolExecutor.runWorker(ThreadPoolExecutor.java:1136)
at java.base/java.util.concurrent.ThreadPoolExecutor$Worker.run(ThreadPoolExecutor.java:635)
at java.base/java.lang.Thread.run(Thread.java:842)
... Removed 14 stack frames]]>
    </failure>
  </testcase> <!-- @BeforeTest setup -->
  <testcase classname="com.opencart.qa.test.BaseTest" name="@BeforeTest setup" time="0.104">
    <failure type="java.lang.NullPointerException" message="inStream parameter is null">
      <![CDATA[java.lang.NullPointerException: inStream parameter is null
at java.base/java.util.Objects.requireNonNull(Objects.java:233)
at java.base/java.util.Properties.load(Properties.java:407)
at com.opencart.qa.factory.DriverFactory.initProp(DriverFactory.java:108)
at com.opencart.qa.test.BaseTest.setup(BaseTest.java:40)
at java.base/java.util.concurrent.FutureTask.run(FutureTask.java:264)
at java.base/java.util.concurrent.ThreadPoolExecutor.runWorker(ThreadPoolExecutor.java:1136)
at java.base/java.util.concurrent.ThreadPoolExecutor$Worker.run(ThreadPoolExecutor.java:635)
at java.base/java.lang.Thread.run(Thread.java:842)
... Removed 14 stack frames]]>
    </failure>
  </testcase> <!-- @BeforeTest setup -->
  <testcase classname="com.opencart.qa.test.HomePageTest" name="@BeforeClass homePageSetup" time="0.0">
    <skipped/>
  </testcase> <!-- @BeforeClass homePageSetup -->
  <testcase classname="com.opencart.qa.test.BaseTest" name="@AfterMethod attachScreenshot" time="0.0">
    <skipped/>
  </testcase> <!-- @AfterMethod attachScreenshot -->
  <testcase classname="com.opencart.qa.test.BaseTest" name="@AfterMethod attachScreenshot" time="0.0">
    <skipped/>
  </testcase> <!-- @AfterMethod attachScreenshot -->
  <testcase classname="com.opencart.qa.test.BaseTest" name="@AfterTest tearDown" time="0.0">
    <skipped/>
  </testcase> <!-- @AfterTest tearDown -->
  <testcase classname="com.opencart.qa.test.BaseTest" name="@AfterTest tearDown" time="0.0">
    <skipped/>
  </testcase> <!-- @AfterTest tearDown -->
  <testcase classname="com.opencart.qa.test.LoginPageTest" name="loginTest" time="0.001">
    <skipped/>
  </testcase> <!-- loginTest -->
  <testcase classname="com.opencart.qa.test.LoginPageTest" name="LoginPageTitleTest" time="0.0">
    <ignored/>
  </testcase> <!-- LoginPageTitleTest -->
  <testcase classname="com.opencart.qa.test.LoginPageTest" name="forwardPwdLinkExitTest" time="0.0">
    <ignored/>
  </testcase> <!-- forwardPwdLinkExitTest -->
  <testcase classname="com.opencart.qa.test.LoginPageTest" name="LoginPageURLTest" time="0.0">
    <ignored/>
  </testcase> <!-- LoginPageURLTest -->
</testsuite> <!-- Login Page Test(failed) -->
