<?xml version="1.0" encoding="UTF-8"?>
<!-- Generated by org.testng.reporters.JUnitXMLReporter -->
<testsuite ignored="2" hostname="LAPTOP" failures="0" tests="1" name="ProductInfoPageTest Page Test(failed)" time="13.105" errors="0" timestamp="2026-05-12T15:18:40 IST">
  <testcase classname="com.opencart.qa.test.ProductInfoPageTest" name="imageCountTest" time="4.676"/>
  <testcase classname="com.opencart.qa.test.ProductInfoPageTest" name="productInfoTest" time="0.0">
    <ignored/>
  </testcase> <!-- productInfoTest -->
  <testcase classname="com.opencart.qa.test.ProductInfoPageTest" name="productHeaderTest" time="0.0">
    <ignored/>
  </testcase> <!-- productHeaderTest -->
</testsuite> <!-- ProductInfoPageTest Page Test(failed) -->
