<?xml version="1.0" encoding="UTF-8"?>
<!-- Generated by org.testng.reporters.JUnitXMLReporter -->
<testsuite ignored="0" hostname="LAPTOP" failures="0" tests="4" name="Register Page Test(failed)" time="72.465" errors="0" timestamp="2026-05-12T15:19:52 IST">
  <testcase classname="com.opencart.qa.test.RegisterPageTest" name="userRegisterTest" time="17.276"/>
  <testcase classname="com.opencart.qa.test.RegisterPageTest" name="userRegisterTest" time="16.18"/>
  <testcase classname="com.opencart.qa.test.RegisterPageTest" name="userRegisterTest" time="17.875"/>
  <testcase classname="com.opencart.qa.test.RegisterPageTest" name="userRegisterTest" time="16.608"/>
</testsuite> <!-- Register Page Test(failed) -->
