<?xml version="1.0" encoding="UTF-8"?>
<!-- Generated by org.testng.reporters.JUnitReportReporter -->
<testsuite hostname="LAPTOP" failures="0" tests="4" name="com.opencart.qa.test.LoginPageTest" time="8.784" errors="0" timestamp="2026-05-20T16:03:04 IST" skipped="0">
  <testcase classname="com.opencart.qa.test.LoginPageTest" name="LoginPageURLTest" time="0.102"/>
  <testcase classname="com.opencart.qa.test.LoginPageTest" name="LoginPageTitleTest" time="0.378"/>
  <testcase classname="com.opencart.qa.test.LoginPageTest" name="forwardPwdLinkExitTest" time="1.990"/>
  <testcase classname="com.opencart.qa.test.LoginPageTest" name="loginTest" time="6.314"/>
</testsuite> <!-- com.opencart.qa.test.LoginPageTest -->
