<?xml version="1.0" encoding="UTF-8"?>
<!-- Generated by org.testng.reporters.JUnitReportReporter -->
<testsuite hostname="LAPTOP" failures="0" tests="8" name="com.opencart.qa.test.HomePageTest" time="30.468" errors="0" timestamp="2026-05-20T16:03:04 IST" skipped="0">
  <testcase classname="com.opencart.qa.test.HomePageTest" name="logoutLinkExistTest" time="1.088"/>
  <testcase classname="com.opencart.qa.test.HomePageTest" name="searchTest" time="6.491"/>
  <testcase classname="com.opencart.qa.test.HomePageTest" name="searchTest" time="2.643"/>
  <testcase classname="com.opencart.qa.test.HomePageTest" name="searchTest" time="2.555"/>
  <testcase classname="com.opencart.qa.test.HomePageTest" name="searchTest" time="4.207"/>
  <testcase classname="com.opencart.qa.test.HomePageTest" name="headerTest" time="0.484"/>
  <testcase classname="com.opencart.qa.test.HomePageTest" name="homePageTitleTest" time="0.046"/>
  <testcase classname="com.opencart.qa.test.HomePageTest" name="searchTest" time="12.954"/>
</testsuite> <!-- com.opencart.qa.test.HomePageTest -->
