<?xml version="1.0" encoding="UTF-8"?>
<!-- Generated by org.testng.reporters.JUnitReportReporter -->
<testsuite hostname="LAPTOP" failures="0" tests="11" name="com.opencart.qa.test.ProductInfoPageTest" time="52.827" errors="0" timestamp="2026-05-12T16:23:42 IST" skipped="0">
  <testcase classname="com.opencart.qa.test.ProductInfoPageTest" name="imageCountTest" time="5.821"/>
  <testcase classname="com.opencart.qa.test.ProductInfoPageTest" name="productHeaderTest" time="3.785"/>
  <testcase classname="com.opencart.qa.test.ProductInfoPageTest" name="productInfoTest" time="4.861"/>
  <testcase classname="com.opencart.qa.test.ProductInfoPageTest" name="imageCountTest" time="4.977"/>
  <testcase classname="com.opencart.qa.test.ProductInfoPageTest" name="imageCountTest" time="6.665"/>
  <testcase classname="com.opencart.qa.test.ProductInfoPageTest" name="imageCountTest" time="5.513"/>
  <testcase classname="com.opencart.qa.test.ProductInfoPageTest" name="productHeaderTest" time="4.133"/>
  <testcase classname="com.opencart.qa.test.ProductInfoPageTest" name="imageCountTest" time="4.779"/>
  <testcase classname="com.opencart.qa.test.ProductInfoPageTest" name="productHeaderTest" time="3.960"/>
  <testcase classname="com.opencart.qa.test.ProductInfoPageTest" name="productHeaderTest" time="4.251"/>
  <testcase classname="com.opencart.qa.test.ProductInfoPageTest" name="productHeaderTest" time="4.082"/>
</testsuite> <!-- com.opencart.qa.test.ProductInfoPageTest -->
