<?xml version="1.0" encoding="UTF-8"?>
<!-- Generated by org.testng.reporters.JUnitReportReporter -->
<testsuite hostname="LAPTOP" failures="0" tests="4" name="com.opencart.qa.test.RegisterPageTest" time="77.088" errors="0" timestamp="2026-05-12T16:23:42 IST" skipped="0">
  <testcase classname="com.opencart.qa.test.RegisterPageTest" name="userRegisterTest" time="16.010"/>
  <testcase classname="com.opencart.qa.test.RegisterPageTest" name="userRegisterTest" time="17.419"/>
  <testcase classname="com.opencart.qa.test.RegisterPageTest" name="userRegisterTest" time="17.885"/>
  <testcase classname="com.opencart.qa.test.RegisterPageTest" name="userRegisterTest" time="25.774"/>
</testsuite> <!-- com.opencart.qa.test.RegisterPageTest -->
