<?xml version="1.0" encoding="UTF-8"?>
<!-- Generated by org.testng.reporters.JUnitReportReporter -->
<testsuite hostname="LAPTOP" failures="0" tests="8" name="com.opencart.qa.test.HomePageTest" time="30.035" errors="0" timestamp="2026-04-21T11:55:16 IST" skipped="0">
  <testcase classname="com.opencart.qa.test.HomePageTest" name="searchTest" time="13.111"/>
  <testcase classname="com.opencart.qa.test.HomePageTest" name="homePageTitleTest" time="0.023"/>
  <testcase classname="com.opencart.qa.test.HomePageTest" name="headerTest" time="0.649"/>
  <testcase classname="com.opencart.qa.test.HomePageTest" name="searchTest" time="2.306"/>
  <testcase classname="com.opencart.qa.test.HomePageTest" name="searchTest" time="5.005"/>
  <testcase classname="com.opencart.qa.test.HomePageTest" name="logoutLinkExistTest" time="2.697"/>
  <testcase classname="com.opencart.qa.test.HomePageTest" name="searchTest" time="3.742"/>
  <testcase classname="com.opencart.qa.test.HomePageTest" name="searchTest" time="2.502"/>
</testsuite> <!-- com.opencart.qa.test.HomePageTest -->
