<?xml version="1.0" encoding="UTF-8"?>
<!-- Generated by org.testng.reporters.JUnitReportReporter -->
<testsuite hostname="LAPTOP" failures="0" tests="4" name="com.opencart.qa.test.LoginPageTest" time="9.452" errors="0" timestamp="2026-04-21T11:55:16 IST" skipped="0">
  <testcase classname="com.opencart.qa.test.LoginPageTest" name="forwardPwdLinkExitTest" time="4.493"/>
  <testcase classname="com.opencart.qa.test.LoginPageTest" name="LoginPageURLTest" time="0.021"/>
  <testcase classname="com.opencart.qa.test.LoginPageTest" name="LoginPageTitleTest" time="0.048"/>
  <testcase classname="com.opencart.qa.test.LoginPageTest" name="loginTest" time="4.890"/>
</testsuite> <!-- com.opencart.qa.test.LoginPageTest -->
