<?xml version="1.0" encoding="UTF-8"?>
<!-- Generated by org.testng.reporters.JUnitReportReporter -->
<testsuite hostname="LAPTOP" failures="0" tests="11" name="com.opencart.qa.test.ProductInfoPageTest" time="57.927" errors="0" timestamp="2026-05-20T16:03:04 IST" skipped="0">
  <testcase classname="com.opencart.qa.test.ProductInfoPageTest" name="productHeaderTest" time="3.972"/>
  <testcase classname="com.opencart.qa.test.ProductInfoPageTest" name="productHeaderTest" time="3.889"/>
  <testcase classname="com.opencart.qa.test.ProductInfoPageTest" name="imageCountTest" time="4.780"/>
  <testcase classname="com.opencart.qa.test.ProductInfoPageTest" name="productHeaderTest" time="6.230"/>
  <testcase classname="com.opencart.qa.test.ProductInfoPageTest" name="imageCountTest" time="4.822"/>
  <testcase classname="com.opencart.qa.test.ProductInfoPageTest" name="imageCountTest" time="5.231"/>
  <testcase classname="com.opencart.qa.test.ProductInfoPageTest" name="productInfoTest" time="4.903"/>
  <testcase classname="com.opencart.qa.test.ProductInfoPageTest" name="imageCountTest" time="10.326"/>
  <testcase classname="com.opencart.qa.test.ProductInfoPageTest" name="productHeaderTest" time="3.796"/>
  <testcase classname="com.opencart.qa.test.ProductInfoPageTest" name="productHeaderTest" time="3.970"/>
  <testcase classname="com.opencart.qa.test.ProductInfoPageTest" name="imageCountTest" time="6.008"/>
</testsuite> <!-- com.opencart.qa.test.ProductInfoPageTest -->
