<?xml version="1.0" encoding="UTF-8"?>
<!-- Generated by org.testng.reporters.JUnitXMLReporter -->
<testsuite ignored="2" hostname="LAPTOP" failures="0" tests="1" name="Default test" time="14.064" errors="0" timestamp="2026-05-09T18:15:21 IST">
  <testcase classname="com.opencart.qa.test.ProductInfoPageTest" name="productInfoTest" time="5.866"/>
  <testcase classname="com.opencart.qa.test.ProductInfoPageTest" name="productHeaderTest" time="0.0">
    <ignored/>
  </testcase> <!-- productHeaderTest -->
  <testcase classname="com.opencart.qa.test.ProductInfoPageTest" name="imageCountTest" time="0.0">
    <ignored/>
  </testcase> <!-- imageCountTest -->
</testsuite> <!-- Default test -->
