<?xml version="1.0" encoding="UTF-8"?>
<!-- Generated by org.testng.reporters.JUnitXMLReporter -->
<testsuite ignored="0" hostname="LAPTOP" failures="0" tests="4" name="Default test" time="73.508" errors="0" timestamp="2026-05-11T23:46:32 IST">
  <testcase classname="com.opencart.qa.test.RegisterPageTest" name="userRegisterTest" time="16.948"/>
  <testcase classname="com.opencart.qa.test.RegisterPageTest" name="userRegisterTest" time="16.08"/>
  <testcase classname="com.opencart.qa.test.RegisterPageTest" name="userRegisterTest" time="18.062"/>
  <testcase classname="com.opencart.qa.test.RegisterPageTest" name="userRegisterTest" time="17.371"/>
</testsuite> <!-- Default test -->
