<?xml version="1.0" encoding="UTF-8"?>
<testsuite xmlns:xsi="http://www.w3.org/2001/XMLSchema-instance" xsi:noNamespaceSchemaLocation="https://maven.apache.org/surefire/maven-surefire-plugin/xsd/surefire-test-report.xsd" version="3.0.2" name="com.opencart.qa.test.HomePageTest" time="62.656" tests="8" errors="0" skipped="0" failures="0" flakes="0">
  <properties>
[...]
</properties>
  <testcase name="headerTest" classname="com.opencart.qa.test.HomePageTest" time="0.91">
    <system-out><![CDATA[environmment name is : staged
Browser name is : chrome
Application credentials are :anuditadas@gmail.com : anuditadas
[My Account, My Orders, My Affiliate Account, Newsletter]
]]></system-out>
    <system-err><![CDATA[SLF4J(W): No SLF4J providers were found.
SLF4J(W): Defaulting to no-operation (NOP) logger implementation
SLF4J(W): See https://www.slf4j.org/codes.html#noProviders for further details.
May 20, 2026 3:45:38 PM org.openqa.selenium.devtools.CdpVersionFinder findNearestMatch
WARNING: Unable to find an exact match for CDP version 148, returning the closest version; found: 145; Please update to a Selenium version that supports CDP version 148
]]></system-err>
  </testcase>
  <testcase name="homePageTitleTest" classname="com.opencart.qa.test.HomePageTest" time="0.165">
    <system-out><![CDATA[Title of Home page is :My Account
]]></system-out>
  </testcase>
  <testcase name="logoutLinkExistTest" classname="com.opencart.qa.test.HomePageTest" time="1.501"/>
  <testcase name="searchTest[macbook, 3](1)" classname="com.opencart.qa.test.HomePageTest" time="5.076">
    <system-out><![CDATA[search key is :macbook
Total number of products after search :3
]]></system-out>
  </testcase>
  <testcase name="searchTest[imac, 1](2)" classname="com.opencart.qa.test.HomePageTest" time="3.667">
    <system-out><![CDATA[search key is :imac
Total number of products after search :1
]]></system-out>
  </testcase>
  <testcase name="searchTest[airtel, 0](3)" classname="com.opencart.qa.test.HomePageTest" time="13.169">
    <system-out><![CDATA[search key is :airtel
Total number of products after search :0
]]></system-out>
  </testcase>
  <testcase name="searchTest[canon, 1](4)" classname="com.opencart.qa.test.HomePageTest" time="3.515">
    <system-out><![CDATA[search key is :canon
Total number of products after search :1
]]></system-out>
  </testcase>
  <testcase name="searchTest[samsung, 2](5)" classname="com.opencart.qa.test.HomePageTest" time="2.889">
    <system-out><![CDATA[search key is :samsung
Total number of products after search :2
]]></system-out>
  </testcase>
</testsuite>